<?xml version="1.0" encoding="UTF-8"?>
<robot generator="Robot 3.2.1 (Python 3.8.2 on win32)" generated="20200609 17:09:55.425" rpa="false">
<suite id="s1" name="Baidu" source="D:\PYproject\test\work\刘小涵5月20日作业\作业2\baidu.robot">
<test id="s1-t1" name="百度搜索松勤">
<kw name="Open Browser" library="SeleniumLibrary">
<doc>Opens a new browser instance to the optional ``url``.</doc>
<arguments>
<arg>http://www.baidu.com</arg>
<arg>chrome</arg>
</arguments>
<msg timestamp="20200609 17:09:55.552" level="INFO">Opening browser 'chrome' to base url 'http://www.baidu.com'.</msg>
<status status="PASS" starttime="20200609 17:09:55.552" endtime="20200609 17:10:00.426"></status>
</kw>
<kw name="Set Selenium Implicit Wait" library="SeleniumLibrary">
<doc>Sets the implicit wait value used by Selenium.</doc>
<arguments>
<arg>5</arg>
</arguments>
<status status="PASS" starttime="20200609 17:10:00.427" endtime="20200609 17:10:00.427"></status>
</kw>
<kw name="Input Text" library="SeleniumLibrary">
<doc>Types the given ``text`` into the text field identified by ``locator``.</doc>
<arguments>
<arg>id=kw</arg>
<arg>松勤\n</arg>
</arguments>
<msg timestamp="20200609 17:10:00.428" level="INFO">Typing text '松勤
' into text field 'id=kw'.</msg>
<status status="PASS" starttime="20200609 17:10:00.428" endtime="20200609 17:10:00.536"></status>
</kw>
<kw name="Get Text" library="SeleniumLibrary">
<doc>Returns the text value of the element identified by ``locator``.</doc>
<arguments>
<arg>id=1</arg>
</arguments>
<assign>
<var>${firstRet}</var>
</assign>
<msg timestamp="20200609 17:10:01.497" level="INFO">${firstRet} = 松勤网 - 松勤软件测试-软件测试在线教育领跑者-国内最专业的软件...
松勤是一家专注于软件测试技能培训的在线教育机构。目前已开设软件测试相关课程100余门,涵盖软件测试基础、自动化测试、性能测试、安全测试、接口测试、认证考试、职场...
www.songqinnet.com/  - 百度快照 - 评价</msg>
<status status="PASS" starttime="20200609 17:10:00.537" endtime="20200609 17:10:01.497"></status>
</kw>
<kw name="Should Contain" library="BuiltIn">
<doc>Fails if ``container`` does not contain ``item`` one or more times.</doc>
<arguments>
<arg>${firstRet}</arg>
<arg>松勤网</arg>
</arguments>
<status status="PASS" starttime="20200609 17:10:01.498" endtime="20200609 17:10:01.498"></status>
</kw>
<kw name="Close Browser" library="SeleniumLibrary">
<doc>Closes the current browser.</doc>
<status status="PASS" starttime="20200609 17:10:01.499" endtime="20200609 17:10:04.824"></status>
</kw>
<status status="PASS" starttime="20200609 17:09:55.551" endtime="20200609 17:10:04.825" critical="yes"></status>
</test>
<status status="PASS" starttime="20200609 17:09:55.427" endtime="20200609 17:10:04.825"></status>
</suite>
<statistics>
<total>
<stat pass="1" fail="0">Critical Tests</stat>
<stat pass="1" fail="0">All Tests</stat>
</total>
<tag>
</tag>
<suite>
<stat pass="1" fail="0" id="s1" name="Baidu">Baidu</stat>
</suite>
</statistics>
<errors>
</errors>
</robot>
