<?xml version="1.0" encoding="UTF-8"?>
<robot generator="Robot 3.2.1 (Python 3.8.2 on win32)" generated="20200612 17:28:35.289" rpa="false">
<suite id="s1" name="Rc1" source="D:\PYproject\test\RobotFrameWork\day5\rc1.robot">
<kw name="setupwebtest" library="course" type="setup">
<kw name="Open Browser" library="SeleniumLibrary">
<doc>Opens a new browser instance to the optional ``url``.</doc>
<arguments>
<arg>http://localhost</arg>
<arg>chrome</arg>
</arguments>
<msg timestamp="20200612 17:28:35.421" level="INFO">Opening browser 'chrome' to base url 'http://localhost'.</msg>
<status status="PASS" starttime="20200612 17:28:35.421" endtime="20200612 17:28:39.330"></status>
</kw>
<kw name="Set Selenium Implicit Wait" library="SeleniumLibrary">
<doc>Sets the implicit wait value used by Selenium.</doc>
<arguments>
<arg>10</arg>
</arguments>
<status status="PASS" starttime="20200612 17:28:39.330" endtime="20200612 17:28:39.330"></status>
</kw>
<kw name="Log To Console" library="BuiltIn">
<doc>Logs the given message to the console.</doc>
<arguments>
<arg>打开浏览器</arg>
</arguments>
<status status="PASS" starttime="20200612 17:28:39.331" endtime="20200612 17:28:39.331"></status>
</kw>
<status status="PASS" starttime="20200612 17:28:35.421" endtime="20200612 17:28:39.331"></status>
</kw>
<test id="s1-t1" name="添加课程">
<kw name="deleteAllLesson" library="course" type="setup">
<kw name="loginwebsite" library="course">
<kw name="Go To" library="SeleniumLibrary">
<doc>Navigates the current browser window to the provided ``url``.</doc>
<arguments>
<arg>http://localhost/mgr/login/login.html</arg>
</arguments>
<msg timestamp="20200612 17:28:39.333" level="INFO">Opening url 'http://localhost/mgr/login/login.html'</msg>
<status status="PASS" starttime="20200612 17:28:39.333" endtime="20200612 17:28:39.761"></status>
</kw>
<kw name="Input Text" library="SeleniumLibrary">
<doc>Types the given ``text`` into the text field identified by ``locator``.</doc>
<arguments>
<arg>id=username</arg>
<arg>&amp;{user1}[name]</arg>
</arguments>
<msg timestamp="20200612 17:28:39.762" level="FAIL">Variable '&amp;{user1}' not found.</msg>
<status status="FAIL" starttime="20200612 17:28:39.761" endtime="20200612 17:28:39.762"></status>
</kw>
<status status="FAIL" starttime="20200612 17:28:39.332" endtime="20200612 17:28:39.762"></status>
</kw>
<status status="FAIL" starttime="20200612 17:28:39.332" endtime="20200612 17:28:39.762"></status>
</kw>
<kw name="deleteAllLesson" library="course" type="teardown">
<kw name="loginwebsite" library="course">
<kw name="Go To" library="SeleniumLibrary">
<doc>Navigates the current browser window to the provided ``url``.</doc>
<arguments>
<arg>http://localhost/mgr/login/login.html</arg>
</arguments>
<msg timestamp="20200612 17:28:39.762" level="INFO">Opening url 'http://localhost/mgr/login/login.html'</msg>
<status status="PASS" starttime="20200612 17:28:39.762" endtime="20200612 17:28:39.799"></status>
</kw>
<kw name="Input Text" library="SeleniumLibrary">
<doc>Types the given ``text`` into the text field identified by ``locator``.</doc>
<arguments>
<arg>id=username</arg>
<arg>&amp;{user1}[name]</arg>
</arguments>
<msg timestamp="20200612 17:28:39.799" level="FAIL">Variable '&amp;{user1}' not found.</msg>
<status status="FAIL" starttime="20200612 17:28:39.799" endtime="20200612 17:28:39.799"></status>
</kw>
<kw name="Input Text" library="SeleniumLibrary">
<doc>Types the given ``text`` into the text field identified by ``locator``.</doc>
<arguments>
<arg>id=password</arg>
<arg>&amp;{user1}[pw]</arg>
</arguments>
<msg timestamp="20200612 17:28:39.799" level="FAIL">Variable '&amp;{user1}' not found.</msg>
<status status="FAIL" starttime="20200612 17:28:39.799" endtime="20200612 17:28:39.800"></status>
</kw>
<kw name="Click Element" library="SeleniumLibrary">
<doc>Click the element identified by ``locator``.</doc>
<arguments>
<arg>css=.btn-success</arg>
</arguments>
<msg timestamp="20200612 17:28:39.800" level="INFO">Clicking element 'css=.btn-success'.</msg>
<status status="PASS" starttime="20200612 17:28:39.800" endtime="20200612 17:28:39.841"></status>
</kw>
<status status="FAIL" starttime="20200612 17:28:39.762" endtime="20200612 17:28:39.841"></status>
</kw>
<kw name="Set Selenium Implicit Wait" library="SeleniumLibrary">
<doc>Sets the implicit wait value used by Selenium.</doc>
<arguments>
<arg>1</arg>
</arguments>
<status status="PASS" starttime="20200612 17:28:39.842" endtime="20200612 17:28:39.842"></status>
</kw>
<kw name="${i} IN RANGE [ 9999 ]" type="for">
<kw name="${i} = 0" type="foritem">
<kw name="Get WebElements" library="SeleniumLibrary">
<doc>Returns a list of WebElement objects matching the ``locator``.</doc>
<arguments>
<arg>css=[ng-click="delOne(one)"]</arg>
</arguments>
<assign>
<var>${del_btns}</var>
</assign>
<msg timestamp="20200612 17:28:40.898" level="INFO">${del_btns} = []</msg>
<status status="PASS" starttime="20200612 17:28:39.842" endtime="20200612 17:28:40.898"></status>
</kw>
<kw name="Run Keyword If" library="BuiltIn">
<doc>Runs the given keyword with the given arguments, if ``condition`` is true.</doc>
<arguments>
<arg>$del_btns == []</arg>
<arg>exit for loop</arg>
</arguments>
<kw name="Exit For Loop" library="BuiltIn">
<doc>Stops executing the enclosing for loop.</doc>
<msg timestamp="20200612 17:28:40.901" level="INFO">Exiting for loop altogether.</msg>
<status status="PASS" starttime="20200612 17:28:40.900" endtime="20200612 17:28:40.901"></status>
</kw>
<status status="PASS" starttime="20200612 17:28:40.898" endtime="20200612 17:28:40.901"></status>
</kw>
<status status="PASS" starttime="20200612 17:28:39.842" endtime="20200612 17:28:40.901"></status>
</kw>
<status status="PASS" starttime="20200612 17:28:39.842" endtime="20200612 17:28:40.901"></status>
</kw>
<kw name="Set Selenium Implicit Wait" library="SeleniumLibrary">
<doc>Sets the implicit wait value used by Selenium.</doc>
<arguments>
<arg>10</arg>
</arguments>
<status status="PASS" starttime="20200612 17:28:40.901" endtime="20200612 17:28:40.901"></status>
</kw>
<status status="FAIL" starttime="20200612 17:28:39.762" endtime="20200612 17:28:40.902">Several failures occurred:

1) Variable '&amp;{user1}' not found.

2) Variable '&amp;{user1}' not found.</status>
</kw>
<status status="FAIL" starttime="20200612 17:28:39.331" endtime="20200612 17:28:40.902" critical="yes">Setup failed:
Variable '&amp;{user1}' not found.

Also teardown failed:
Several failures occurred:

1) Variable '&amp;{user1}' not found.

2) Variable '&amp;{user1}' not found.</status>
</test>
<test id="s1-t2" name="添加课程2">
<kw name="deleteAllLesson" library="course" type="setup">
<kw name="loginwebsite" library="course">
<kw name="Go To" library="SeleniumLibrary">
<doc>Navigates the current browser window to the provided ``url``.</doc>
<arguments>
<arg>http://localhost/mgr/login/login.html</arg>
</arguments>
<msg timestamp="20200612 17:28:40.905" level="INFO">Opening url 'http://localhost/mgr/login/login.html'</msg>
<status status="PASS" starttime="20200612 17:28:40.905" endtime="20200612 17:28:40.934"></status>
</kw>
<kw name="Input Text" library="SeleniumLibrary">
<doc>Types the given ``text`` into the text field identified by ``locator``.</doc>
<arguments>
<arg>id=username</arg>
<arg>&amp;{user1}[name]</arg>
</arguments>
<msg timestamp="20200612 17:28:40.935" level="FAIL">Variable '&amp;{user1}' not found.</msg>
<status status="FAIL" starttime="20200612 17:28:40.934" endtime="20200612 17:28:40.935"></status>
</kw>
<status status="FAIL" starttime="20200612 17:28:40.905" endtime="20200612 17:28:40.935"></status>
</kw>
<status status="FAIL" starttime="20200612 17:28:40.904" endtime="20200612 17:28:40.935"></status>
</kw>
<kw name="deleteAllLesson" library="course" type="teardown">
<kw name="loginwebsite" library="course">
<kw name="Go To" library="SeleniumLibrary">
<doc>Navigates the current browser window to the provided ``url``.</doc>
<arguments>
<arg>http://localhost/mgr/login/login.html</arg>
</arguments>
<msg timestamp="20200612 17:28:40.936" level="INFO">Opening url 'http://localhost/mgr/login/login.html'</msg>
<status status="PASS" starttime="20200612 17:28:40.936" endtime="20200612 17:28:40.962"></status>
</kw>
<kw name="Input Text" library="SeleniumLibrary">
<doc>Types the given ``text`` into the text field identified by ``locator``.</doc>
<arguments>
<arg>id=username</arg>
<arg>&amp;{user1}[name]</arg>
</arguments>
<msg timestamp="20200612 17:28:40.962" level="FAIL">Variable '&amp;{user1}' not found.</msg>
<status status="FAIL" starttime="20200612 17:28:40.962" endtime="20200612 17:28:40.962"></status>
</kw>
<kw name="Input Text" library="SeleniumLibrary">
<doc>Types the given ``text`` into the text field identified by ``locator``.</doc>
<arguments>
<arg>id=password</arg>
<arg>&amp;{user1}[pw]</arg>
</arguments>
<msg timestamp="20200612 17:28:40.963" level="FAIL">Variable '&amp;{user1}' not found.</msg>
<status status="FAIL" starttime="20200612 17:28:40.962" endtime="20200612 17:28:40.963"></status>
</kw>
<kw name="Click Element" library="SeleniumLibrary">
<doc>Click the element identified by ``locator``.</doc>
<arguments>
<arg>css=.btn-success</arg>
</arguments>
<msg timestamp="20200612 17:28:40.963" level="INFO">Clicking element 'css=.btn-success'.</msg>
<status status="PASS" starttime="20200612 17:28:40.963" endtime="20200612 17:28:40.993"></status>
</kw>
<status status="FAIL" starttime="20200612 17:28:40.936" endtime="20200612 17:28:40.993"></status>
</kw>
<kw name="Set Selenium Implicit Wait" library="SeleniumLibrary">
<doc>Sets the implicit wait value used by Selenium.</doc>
<arguments>
<arg>1</arg>
</arguments>
<status status="PASS" starttime="20200612 17:28:40.993" endtime="20200612 17:28:40.994"></status>
</kw>
<kw name="${i} IN RANGE [ 9999 ]" type="for">
<kw name="${i} = 0" type="foritem">
<kw name="Get WebElements" library="SeleniumLibrary">
<doc>Returns a list of WebElement objects matching the ``locator``.</doc>
<arguments>
<arg>css=[ng-click="delOne(one)"]</arg>
</arguments>
<assign>
<var>${del_btns}</var>
</assign>
<msg timestamp="20200612 17:28:42.030" level="INFO">${del_btns} = []</msg>
<status status="PASS" starttime="20200612 17:28:40.995" endtime="20200612 17:28:42.030"></status>
</kw>
<kw name="Run Keyword If" library="BuiltIn">
<doc>Runs the given keyword with the given arguments, if ``condition`` is true.</doc>
<arguments>
<arg>$del_btns == []</arg>
<arg>exit for loop</arg>
</arguments>
<kw name="Exit For Loop" library="BuiltIn">
<doc>Stops executing the enclosing for loop.</doc>
<msg timestamp="20200612 17:28:42.032" level="INFO">Exiting for loop altogether.</msg>
<status status="PASS" starttime="20200612 17:28:42.031" endtime="20200612 17:28:42.032"></status>
</kw>
<status status="PASS" starttime="20200612 17:28:42.030" endtime="20200612 17:28:42.032"></status>
</kw>
<status status="PASS" starttime="20200612 17:28:40.994" endtime="20200612 17:28:42.032"></status>
</kw>
<status status="PASS" starttime="20200612 17:28:40.994" endtime="20200612 17:28:42.032"></status>
</kw>
<kw name="Set Selenium Implicit Wait" library="SeleniumLibrary">
<doc>Sets the implicit wait value used by Selenium.</doc>
<arguments>
<arg>10</arg>
</arguments>
<status status="PASS" starttime="20200612 17:28:42.032" endtime="20200612 17:28:42.034"></status>
</kw>
<status status="FAIL" starttime="20200612 17:28:40.936" endtime="20200612 17:28:42.034">Several failures occurred:

1) Variable '&amp;{user1}' not found.

2) Variable '&amp;{user1}' not found.</status>
</kw>
<status status="FAIL" starttime="20200612 17:28:40.903" endtime="20200612 17:28:42.034" critical="yes">Setup failed:
Variable '&amp;{user1}' not found.

Also teardown failed:
Several failures occurred:

1) Variable '&amp;{user1}' not found.

2) Variable '&amp;{user1}' not found.</status>
</test>
<kw name="teardownwebtest" library="course" type="teardown">
<kw name="Close Browser" library="SeleniumLibrary">
<doc>Closes the current browser.</doc>
<status status="PASS" starttime="20200612 17:28:42.036" endtime="20200612 17:28:44.167"></status>
</kw>
<kw name="Log To Console" library="BuiltIn">
<doc>Logs the given message to the console.</doc>
<arguments>
<arg>关闭浏览器</arg>
</arguments>
<status status="PASS" starttime="20200612 17:28:44.167" endtime="20200612 17:28:44.168"></status>
</kw>
<status status="PASS" starttime="20200612 17:28:42.036" endtime="20200612 17:28:44.168"></status>
</kw>
<status status="FAIL" starttime="20200612 17:28:35.290" endtime="20200612 17:28:44.168"></status>
</suite>
<statistics>
<total>
<stat pass="0" fail="2">Critical Tests</stat>
<stat pass="0" fail="2">All Tests</stat>
</total>
<tag>
</tag>
<suite>
<stat pass="0" fail="2" id="s1" name="Rc1">Rc1</stat>
</suite>
</statistics>
<errors>
<msg timestamp="20200612 17:28:35.418" level="ERROR">Error in file 'D:\PYproject\test\RobotFrameWork\day5\course.robot' on line 2: Invalid variable name 'Variables'.</msg>
</errors>
</robot>
