<?xml version="1.0" encoding="UTF-8"?>
<robot generator="Robot 3.2.1 (Python 3.8.2 on win32)" generated="20200611 17:17:24.600" rpa="false">
<suite id="s1" name="Course" source="D:\PYproject\test\work\刘小涵5月22日作业\course.robot">
<test id="s1-t1" name="添加课程">
<kw name="Delete All Lesson" library="courselib" type="setup">
<status status="PASS" starttime="20200611 17:17:24.740" endtime="20200611 17:17:34.191"></status>
</kw>
<kw name="Open Browser" library="SeleniumLibrary">
<doc>Opens a new browser instance to the optional ``url``.</doc>
<arguments>
<arg>http://localhost/mgr/login/login.html</arg>
<arg>chrome</arg>
</arguments>
<msg timestamp="20200611 17:17:34.192" level="INFO">Opening browser 'chrome' to base url 'http://localhost/mgr/login/login.html'.</msg>
<status status="PASS" starttime="20200611 17:17:34.192" endtime="20200611 17:17:38.369"></status>
</kw>
<kw name="Set Selenium Implicit Wait" library="SeleniumLibrary">
<doc>Sets the implicit wait value used by Selenium.</doc>
<arguments>
<arg>10</arg>
</arguments>
<status status="PASS" starttime="20200611 17:17:38.369" endtime="20200611 17:17:38.369"></status>
</kw>
<kw name="Input Text" library="SeleniumLibrary">
<doc>Types the given ``text`` into the text field identified by ``locator``.</doc>
<arguments>
<arg>id=username</arg>
<arg>auto</arg>
</arguments>
<msg timestamp="20200611 17:17:38.370" level="INFO">Typing text 'auto' into text field 'id=username'.</msg>
<status status="PASS" starttime="20200611 17:17:38.370" endtime="20200611 17:17:38.462"></status>
</kw>
<kw name="Input Text" library="SeleniumLibrary">
<doc>Types the given ``text`` into the text field identified by ``locator``.</doc>
<arguments>
<arg>id=password</arg>
<arg>sdfsdfsdf</arg>
</arguments>
<msg timestamp="20200611 17:17:38.463" level="INFO">Typing text 'sdfsdfsdf' into text field 'id=password'.</msg>
<status status="PASS" starttime="20200611 17:17:38.463" endtime="20200611 17:17:38.548"></status>
</kw>
<kw name="Click Element" library="SeleniumLibrary">
<doc>Click the element identified by ``locator``.</doc>
<arguments>
<arg>css=.btn-success</arg>
</arguments>
<msg timestamp="20200611 17:17:38.549" level="INFO">Clicking element 'css=.btn-success'.</msg>
<status status="PASS" starttime="20200611 17:17:38.548" endtime="20200611 17:17:38.597"></status>
</kw>
<kw name="Click Element" library="SeleniumLibrary">
<doc>Click the element identified by ``locator``.</doc>
<arguments>
<arg>css=[ng-click="showAddOne=true"]</arg>
</arguments>
<msg timestamp="20200611 17:17:38.597" level="INFO">Clicking element 'css=[ng-click="showAddOne=true"]'.</msg>
<status status="PASS" starttime="20200611 17:17:38.597" endtime="20200611 17:17:39.181"></status>
</kw>
<kw name="Input Text" library="SeleniumLibrary">
<doc>Types the given ``text`` into the text field identified by ``locator``.</doc>
<arguments>
<arg>css=[ng-model="addData.name"]</arg>
<arg>robot</arg>
</arguments>
<msg timestamp="20200611 17:17:39.182" level="INFO">Typing text 'robot' into text field 'css=[ng-model="addData.name"]'.</msg>
<status status="PASS" starttime="20200611 17:17:39.181" endtime="20200611 17:17:39.263"></status>
</kw>
<kw name="Input Text" library="SeleniumLibrary">
<doc>Types the given ``text`` into the text field identified by ``locator``.</doc>
<arguments>
<arg>css=[ng-model="addData.desc"]</arg>
<arg>RF框架</arg>
</arguments>
<msg timestamp="20200611 17:17:39.263" level="INFO">Typing text 'RF框架' into text field 'css=[ng-model="addData.desc"]'.</msg>
<status status="PASS" starttime="20200611 17:17:39.263" endtime="20200611 17:17:39.329"></status>
</kw>
<kw name="Input Text" library="SeleniumLibrary">
<doc>Types the given ``text`` into the text field identified by ``locator``.</doc>
<arguments>
<arg>css=[ng-model="addData.display_idx"]</arg>
<arg>1</arg>
</arguments>
<msg timestamp="20200611 17:17:39.330" level="INFO">Typing text '1' into text field 'css=[ng-model="addData.display_idx"]'.</msg>
<status status="PASS" starttime="20200611 17:17:39.329" endtime="20200611 17:17:39.391"></status>
</kw>
<kw name="Click Element" library="SeleniumLibrary">
<doc>Click the element identified by ``locator``.</doc>
<arguments>
<arg>css=[ng-click="addOne()"]</arg>
</arguments>
<msg timestamp="20200611 17:17:39.391" level="INFO">Clicking element 'css=[ng-click="addOne()"]'.</msg>
<status status="PASS" starttime="20200611 17:17:39.391" endtime="20200611 17:17:39.428"></status>
</kw>
<kw name="Get Text" library="SeleniumLibrary">
<doc>Returns the text value of the element identified by ``locator``.</doc>
<arguments>
<arg>css=tbody td:nth-child(2)</arg>
</arguments>
<assign>
<var>${course}</var>
</assign>
<msg timestamp="20200611 17:17:39.555" level="INFO">${course} = robot</msg>
<status status="PASS" starttime="20200611 17:17:39.429" endtime="20200611 17:17:39.555"></status>
</kw>
<kw name="Should Be True" library="BuiltIn">
<doc>Fails if the given condition is not true.</doc>
<arguments>
<arg>$course=='robot'</arg>
</arguments>
<status status="PASS" starttime="20200611 17:17:39.556" endtime="20200611 17:17:39.559"></status>
</kw>
<kw name="Close Browser" library="SeleniumLibrary">
<doc>Closes the current browser.</doc>
<status status="PASS" starttime="20200611 17:17:39.559" endtime="20200611 17:17:41.717"></status>
</kw>
<kw name="Delete All Lesson" library="courselib" type="teardown">
<status status="PASS" starttime="20200611 17:17:41.718" endtime="20200611 17:17:49.009"></status>
</kw>
<status status="PASS" starttime="20200611 17:17:24.739" endtime="20200611 17:17:49.009" critical="yes"></status>
</test>
<status status="PASS" starttime="20200611 17:17:24.601" endtime="20200611 17:17:49.011"></status>
</suite>
<statistics>
<total>
<stat pass="1" fail="0">Critical Tests</stat>
<stat pass="1" fail="0">All Tests</stat>
</total>
<tag>
</tag>
<suite>
<stat pass="1" fail="0" id="s1" name="Course">Course</stat>
</suite>
</statistics>
<errors>
</errors>
</robot>
