<?xml version="1.0" encoding="UTF-8"?>
<robot generator="Robot 3.2.1 (Python 3.8.2 on win32)" generated="20200608 19:55:31.576" rpa="false">
<suite id="s1" name="T" source="D:\PYproject\test\RobotFrameWork\day3\suit1\t.robot">
<test id="s1-t1" name="setupANDteardown">
<kw name="Fail" library="BuiltIn" type="setup">
<doc>Fails the test with the given message and optionally alters its tags.</doc>
<msg timestamp="20200608 19:55:31.594" level="FAIL">AssertionError</msg>
<status status="FAIL" starttime="20200608 19:55:31.594" endtime="20200608 19:55:31.594"></status>
</kw>
<kw name="Log To Console" library="BuiltIn" type="teardown">
<doc>Logs the given message to the console.</doc>
<arguments>
<arg>执行用例清除动作</arg>
</arguments>
<status status="PASS" starttime="20200608 19:55:31.594" endtime="20200608 19:55:31.595"></status>
</kw>
<status status="FAIL" starttime="20200608 19:55:31.594" endtime="20200608 19:55:31.595" critical="yes">Setup failed:
AssertionError</status>
</test>
<test id="s1-t2" name="setupANDteardown1">
<kw name="Log To Console" library="BuiltIn" type="setup">
<doc>Logs the given message to the console.</doc>
<arguments>
<arg>执行用例初始化动作</arg>
</arguments>
<status status="PASS" starttime="20200608 19:55:31.596" endtime="20200608 19:55:31.596"></status>
</kw>
<kw name="Log To Console" library="BuiltIn">
<doc>Logs the given message to the console.</doc>
<arguments>
<arg>执行用例主体</arg>
</arguments>
<status status="PASS" starttime="20200608 19:55:31.596" endtime="20200608 19:55:31.596"></status>
</kw>
<kw name="Should Be True" library="BuiltIn">
<doc>Fails if the given condition is not true.</doc>
<arguments>
<arg>1&lt;2</arg>
</arguments>
<status status="PASS" starttime="20200608 19:55:31.597" endtime="20200608 19:55:31.597"></status>
</kw>
<status status="PASS" starttime="20200608 19:55:31.596" endtime="20200608 19:55:31.597" critical="yes"></status>
</test>
<test id="s1-t3" name="setupANDteardown2">
<kw name="Log To Console" library="BuiltIn">
<doc>Logs the given message to the console.</doc>
<arguments>
<arg>执行用例主体</arg>
</arguments>
<status status="PASS" starttime="20200608 19:55:31.598" endtime="20200608 19:55:31.598"></status>
</kw>
<kw name="Should Be True" library="BuiltIn">
<doc>Fails if the given condition is not true.</doc>
<arguments>
<arg>1&lt;2</arg>
</arguments>
<status status="PASS" starttime="20200608 19:55:31.598" endtime="20200608 19:55:31.598"></status>
</kw>
<kw name="Log To Console" library="BuiltIn" type="teardown">
<doc>Logs the given message to the console.</doc>
<arguments>
<arg>执行用例清除动作</arg>
</arguments>
<status status="PASS" starttime="20200608 19:55:31.598" endtime="20200608 19:55:31.599"></status>
</kw>
<status status="PASS" starttime="20200608 19:55:31.598" endtime="20200608 19:55:31.599" critical="yes"></status>
</test>
<status status="FAIL" starttime="20200608 19:55:31.578" endtime="20200608 19:55:31.600"></status>
</suite>
<statistics>
<total>
<stat pass="2" fail="1">Critical Tests</stat>
<stat pass="2" fail="1">All Tests</stat>
</total>
<tag>
</tag>
<suite>
<stat pass="2" fail="1" id="s1" name="T">T</stat>
</suite>
</statistics>
<errors>
</errors>
</robot>
