<?xml version="1.0" encoding="UTF-8"?>
<robot generator="Robot 3.2.1 (Python 3.8.2 on win32)" generated="20200606 16:46:43.536" rpa="false">
<suite id="s1" name="Loop1" source="D:\PYproject\test\RobotFrameWork\day2\loop1.robot">
<test id="s1-t1" name="For循环-老语法">
<kw name="${a} IN [ a | b | c ]" type="for">
<msg timestamp="20200606 16:46:43.553" level="WARN">Error in file 'D:\PYproject\test\RobotFrameWork\day2\loop1.robot' in FOR loop starting on line 4: For loop header ':FOR' is deprecated. Use 'FOR' instead.</msg>
<msg timestamp="20200606 16:46:43.554" level="WARN">Error in file 'D:\PYproject\test\RobotFrameWork\day2\loop1.robot' in FOR loop starting on line 4: Marking for loop body with '\' is deprecated. Remove markers and use 'END' instead.</msg>
<kw name="${a} = a" type="foritem">
<kw name="Log To Console" library="BuiltIn">
<doc>Logs the given message to the console.</doc>
<arguments>
<arg>${a}</arg>
</arguments>
<status status="PASS" starttime="20200606 16:46:43.554" endtime="20200606 16:46:43.554"></status>
</kw>
<status status="PASS" starttime="20200606 16:46:43.554" endtime="20200606 16:46:43.554"></status>
</kw>
<kw name="${a} = b" type="foritem">
<kw name="Log To Console" library="BuiltIn">
<doc>Logs the given message to the console.</doc>
<arguments>
<arg>${a}</arg>
</arguments>
<status status="PASS" starttime="20200606 16:46:43.555" endtime="20200606 16:46:43.555"></status>
</kw>
<status status="PASS" starttime="20200606 16:46:43.554" endtime="20200606 16:46:43.555"></status>
</kw>
<kw name="${a} = c" type="foritem">
<kw name="Log To Console" library="BuiltIn">
<doc>Logs the given message to the console.</doc>
<arguments>
<arg>${a}</arg>
</arguments>
<status status="PASS" starttime="20200606 16:46:43.555" endtime="20200606 16:46:43.555"></status>
</kw>
<status status="PASS" starttime="20200606 16:46:43.555" endtime="20200606 16:46:43.555"></status>
</kw>
<status status="PASS" starttime="20200606 16:46:43.553" endtime="20200606 16:46:43.555"></status>
</kw>
<kw name="Log To Console" library="BuiltIn">
<doc>Logs the given message to the console.</doc>
<arguments>
<arg>循环体外面</arg>
</arguments>
<status status="PASS" starttime="20200606 16:46:43.555" endtime="20200606 16:46:43.555"></status>
</kw>
<status status="PASS" starttime="20200606 16:46:43.552" endtime="20200606 16:46:43.556" critical="yes"></status>
</test>
<test id="s1-t2" name="FOR循环—新语法">
<kw name="Create List" library="BuiltIn">
<doc>Returns a list containing given items.</doc>
<arguments>
<arg>a</arg>
<arg>b</arg>
<arg>c</arg>
<arg>d</arg>
<arg>e</arg>
</arguments>
<assign>
<var>${list}</var>
</assign>
<msg timestamp="20200606 16:46:43.558" level="INFO">${list} = ['a', 'b', 'c', 'd', 'e']</msg>
<status status="PASS" starttime="20200606 16:46:43.558" endtime="20200606 16:46:43.558"></status>
</kw>
<kw name="${a} IN [ @{list} ]" type="for">
<kw name="${a} = a" type="foritem">
<kw name="Log To Console" library="BuiltIn">
<doc>Logs the given message to the console.</doc>
<arguments>
<arg>${a}</arg>
</arguments>
<status status="PASS" starttime="20200606 16:46:43.558" endtime="20200606 16:46:43.559"></status>
</kw>
<status status="PASS" starttime="20200606 16:46:43.558" endtime="20200606 16:46:43.559"></status>
</kw>
<kw name="${a} = b" type="foritem">
<kw name="Log To Console" library="BuiltIn">
<doc>Logs the given message to the console.</doc>
<arguments>
<arg>${a}</arg>
</arguments>
<status status="PASS" starttime="20200606 16:46:43.559" endtime="20200606 16:46:43.559"></status>
</kw>
<status status="PASS" starttime="20200606 16:46:43.559" endtime="20200606 16:46:43.559"></status>
</kw>
<kw name="${a} = c" type="foritem">
<kw name="Log To Console" library="BuiltIn">
<doc>Logs the given message to the console.</doc>
<arguments>
<arg>${a}</arg>
</arguments>
<status status="PASS" starttime="20200606 16:46:43.559" endtime="20200606 16:46:43.559"></status>
</kw>
<status status="PASS" starttime="20200606 16:46:43.559" endtime="20200606 16:46:43.559"></status>
</kw>
<kw name="${a} = d" type="foritem">
<kw name="Log To Console" library="BuiltIn">
<doc>Logs the given message to the console.</doc>
<arguments>
<arg>${a}</arg>
</arguments>
<status status="PASS" starttime="20200606 16:46:43.559" endtime="20200606 16:46:43.560"></status>
</kw>
<status status="PASS" starttime="20200606 16:46:43.559" endtime="20200606 16:46:43.560"></status>
</kw>
<kw name="${a} = e" type="foritem">
<kw name="Log To Console" library="BuiltIn">
<doc>Logs the given message to the console.</doc>
<arguments>
<arg>${a}</arg>
</arguments>
<status status="PASS" starttime="20200606 16:46:43.560" endtime="20200606 16:46:43.560"></status>
</kw>
<status status="PASS" starttime="20200606 16:46:43.560" endtime="20200606 16:46:43.560"></status>
</kw>
<status status="PASS" starttime="20200606 16:46:43.558" endtime="20200606 16:46:43.560"></status>
</kw>
<kw name="Log To Console" library="BuiltIn">
<doc>Logs the given message to the console.</doc>
<arguments>
<arg>循环体外面</arg>
</arguments>
<status status="PASS" starttime="20200606 16:46:43.560" endtime="20200606 16:46:43.560"></status>
</kw>
<status status="PASS" starttime="20200606 16:46:43.557" endtime="20200606 16:46:43.562" critical="yes"></status>
</test>
<test id="s1-t3" name="FOR循环-RANGE">
<kw name="${a} IN RANGE [ 10 ]" type="for">
<kw name="${a} = 0" type="foritem">
<kw name="Log To Console" library="BuiltIn">
<doc>Logs the given message to the console.</doc>
<arguments>
<arg>${a}</arg>
</arguments>
<status status="PASS" starttime="20200606 16:46:43.564" endtime="20200606 16:46:43.564"></status>
</kw>
<status status="PASS" starttime="20200606 16:46:43.564" endtime="20200606 16:46:43.564"></status>
</kw>
<kw name="${a} = 1" type="foritem">
<kw name="Log To Console" library="BuiltIn">
<doc>Logs the given message to the console.</doc>
<arguments>
<arg>${a}</arg>
</arguments>
<status status="PASS" starttime="20200606 16:46:43.565" endtime="20200606 16:46:43.565"></status>
</kw>
<status status="PASS" starttime="20200606 16:46:43.564" endtime="20200606 16:46:43.565"></status>
</kw>
<kw name="${a} = 2" type="foritem">
<kw name="Log To Console" library="BuiltIn">
<doc>Logs the given message to the console.</doc>
<arguments>
<arg>${a}</arg>
</arguments>
<status status="PASS" starttime="20200606 16:46:43.565" endtime="20200606 16:46:43.565"></status>
</kw>
<status status="PASS" starttime="20200606 16:46:43.565" endtime="20200606 16:46:43.565"></status>
</kw>
<kw name="${a} = 3" type="foritem">
<kw name="Log To Console" library="BuiltIn">
<doc>Logs the given message to the console.</doc>
<arguments>
<arg>${a}</arg>
</arguments>
<status status="PASS" starttime="20200606 16:46:43.565" endtime="20200606 16:46:43.565"></status>
</kw>
<status status="PASS" starttime="20200606 16:46:43.565" endtime="20200606 16:46:43.565"></status>
</kw>
<kw name="${a} = 4" type="foritem">
<kw name="Log To Console" library="BuiltIn">
<doc>Logs the given message to the console.</doc>
<arguments>
<arg>${a}</arg>
</arguments>
<status status="PASS" starttime="20200606 16:46:43.565" endtime="20200606 16:46:43.565"></status>
</kw>
<status status="PASS" starttime="20200606 16:46:43.565" endtime="20200606 16:46:43.566"></status>
</kw>
<kw name="${a} = 5" type="foritem">
<kw name="Log To Console" library="BuiltIn">
<doc>Logs the given message to the console.</doc>
<arguments>
<arg>${a}</arg>
</arguments>
<status status="PASS" starttime="20200606 16:46:43.566" endtime="20200606 16:46:43.566"></status>
</kw>
<status status="PASS" starttime="20200606 16:46:43.566" endtime="20200606 16:46:43.566"></status>
</kw>
<kw name="${a} = 6" type="foritem">
<kw name="Log To Console" library="BuiltIn">
<doc>Logs the given message to the console.</doc>
<arguments>
<arg>${a}</arg>
</arguments>
<status status="PASS" starttime="20200606 16:46:43.566" endtime="20200606 16:46:43.567"></status>
</kw>
<status status="PASS" starttime="20200606 16:46:43.566" endtime="20200606 16:46:43.567"></status>
</kw>
<kw name="${a} = 7" type="foritem">
<kw name="Log To Console" library="BuiltIn">
<doc>Logs the given message to the console.</doc>
<arguments>
<arg>${a}</arg>
</arguments>
<status status="PASS" starttime="20200606 16:46:43.567" endtime="20200606 16:46:43.567"></status>
</kw>
<status status="PASS" starttime="20200606 16:46:43.567" endtime="20200606 16:46:43.567"></status>
</kw>
<kw name="${a} = 8" type="foritem">
<kw name="Log To Console" library="BuiltIn">
<doc>Logs the given message to the console.</doc>
<arguments>
<arg>${a}</arg>
</arguments>
<status status="PASS" starttime="20200606 16:46:43.567" endtime="20200606 16:46:43.567"></status>
</kw>
<status status="PASS" starttime="20200606 16:46:43.567" endtime="20200606 16:46:43.567"></status>
</kw>
<kw name="${a} = 9" type="foritem">
<kw name="Log To Console" library="BuiltIn">
<doc>Logs the given message to the console.</doc>
<arguments>
<arg>${a}</arg>
</arguments>
<status status="PASS" starttime="20200606 16:46:43.567" endtime="20200606 16:46:43.567"></status>
</kw>
<status status="PASS" starttime="20200606 16:46:43.567" endtime="20200606 16:46:43.568"></status>
</kw>
<status status="PASS" starttime="20200606 16:46:43.564" endtime="20200606 16:46:43.568"></status>
</kw>
<kw name="Log To Console" library="BuiltIn">
<doc>Logs the given message to the console.</doc>
<arguments>
<arg>循环体外面</arg>
</arguments>
<status status="PASS" starttime="20200606 16:46:43.568" endtime="20200606 16:46:43.568"></status>
</kw>
<status status="PASS" starttime="20200606 16:46:43.563" endtime="20200606 16:46:43.568" critical="yes"></status>
</test>
<test id="s1-t4" name="FOR循环-RANGE-指定区间">
<kw name="${a} IN RANGE [ 5 | 10 ]" type="for">
<kw name="${a} = 5" type="foritem">
<kw name="Log To Console" library="BuiltIn">
<doc>Logs the given message to the console.</doc>
<arguments>
<arg>${a}</arg>
</arguments>
<status status="PASS" starttime="20200606 16:46:43.570" endtime="20200606 16:46:43.571"></status>
</kw>
<status status="PASS" starttime="20200606 16:46:43.570" endtime="20200606 16:46:43.571"></status>
</kw>
<kw name="${a} = 6" type="foritem">
<kw name="Log To Console" library="BuiltIn">
<doc>Logs the given message to the console.</doc>
<arguments>
<arg>${a}</arg>
</arguments>
<status status="PASS" starttime="20200606 16:46:43.571" endtime="20200606 16:46:43.571"></status>
</kw>
<status status="PASS" starttime="20200606 16:46:43.571" endtime="20200606 16:46:43.571"></status>
</kw>
<kw name="${a} = 7" type="foritem">
<kw name="Log To Console" library="BuiltIn">
<doc>Logs the given message to the console.</doc>
<arguments>
<arg>${a}</arg>
</arguments>
<status status="PASS" starttime="20200606 16:46:43.572" endtime="20200606 16:46:43.572"></status>
</kw>
<status status="PASS" starttime="20200606 16:46:43.572" endtime="20200606 16:46:43.572"></status>
</kw>
<kw name="${a} = 8" type="foritem">
<kw name="Log To Console" library="BuiltIn">
<doc>Logs the given message to the console.</doc>
<arguments>
<arg>${a}</arg>
</arguments>
<status status="PASS" starttime="20200606 16:46:43.572" endtime="20200606 16:46:43.572"></status>
</kw>
<status status="PASS" starttime="20200606 16:46:43.572" endtime="20200606 16:46:43.572"></status>
</kw>
<kw name="${a} = 9" type="foritem">
<kw name="Log To Console" library="BuiltIn">
<doc>Logs the given message to the console.</doc>
<arguments>
<arg>${a}</arg>
</arguments>
<status status="PASS" starttime="20200606 16:46:43.572" endtime="20200606 16:46:43.572"></status>
</kw>
<status status="PASS" starttime="20200606 16:46:43.572" endtime="20200606 16:46:43.572"></status>
</kw>
<status status="PASS" starttime="20200606 16:46:43.570" endtime="20200606 16:46:43.572"></status>
</kw>
<kw name="Log To Console" library="BuiltIn">
<doc>Logs the given message to the console.</doc>
<arguments>
<arg>循环体外面</arg>
</arguments>
<status status="PASS" starttime="20200606 16:46:43.572" endtime="20200606 16:46:43.573"></status>
</kw>
<status status="PASS" starttime="20200606 16:46:43.569" endtime="20200606 16:46:43.573" critical="yes"></status>
</test>
<status status="PASS" starttime="20200606 16:46:43.537" endtime="20200606 16:46:43.574"></status>
</suite>
<statistics>
<total>
<stat pass="4" fail="0">Critical Tests</stat>
<stat pass="4" fail="0">All Tests</stat>
</total>
<tag>
</tag>
<suite>
<stat pass="4" fail="0" id="s1" name="Loop1">Loop1</stat>
</suite>
</statistics>
<errors>
<msg timestamp="20200606 16:46:43.553" level="WARN">Error in file 'D:\PYproject\test\RobotFrameWork\day2\loop1.robot' in FOR loop starting on line 4: For loop header ':FOR' is deprecated. Use 'FOR' instead.</msg>
<msg timestamp="20200606 16:46:43.554" level="WARN">Error in file 'D:\PYproject\test\RobotFrameWork\day2\loop1.robot' in FOR loop starting on line 4: Marking for loop body with '\' is deprecated. Remove markers and use 'END' instead.</msg>
</errors>
</robot>
