<?xml version="1.0" encoding="UTF-8"?>
<robot generator="Robot 3.2.1 (Python 3.8.2 on win32)" generated="20200723 19:32:45.437" rpa="false">
<suite id="s1" name="Tc" source="D:\PYproject\test\ProjectTraining\spj01\tc">
<suite id="s1-s1" name="D-空白数据" source="D:\PYproject\test\ProjectTraining\spj01\tc\d-空白数据">
<kw name="Delete All School Classes" library="pylib.SchoolClassLib" type="setup">
<msg timestamp="20200723 19:32:45.937" level="INFO">{ 'gradeid': None,
  'retcode': 0,
  'retlist': [ { 'grade__name': '七年级',
                 'id': 445135,
                 'invitecode': '4451351810931',
                 'name': '1班',
                 'studentlimit': 60,
                 'studentnumber': 0,
                 'teacherlist': []},
               { 'grade__name': '七年级',
                 'id': 445136,
                 'invitecode': '4451363012206',
                 'name': '2班',
                 'studentlimit': 50,
                 'studentnumber': 0,
                 'teacherlist': []}]}
{ 'gradeid': None,
  'retcode': 0,
  'retlist': [ { 'grade__name': '七年级',
                 'id': 445135,
                 'invitecode': '4451351810931',
                 'name': '1班',
                 'studentlimit': 60,
                 'studentnumber': 0,
                 'teacherlist': []},
               { 'grade__name': '七年级',
                 'id': 445136,
                 'invitecode': '4451363012206',
                 'name': '2班',
                 'studentlimit': 50,
                 'studentnumber': 0,
                 'teacherlist': []}]}
{'gradeid': 1, 'retcode': 0, 'retlist': []}
{'gradeid': 1, 'retcode': 0, 'retlist': []}</msg>
<status status="PASS" starttime="20200723 19:32:45.510" endtime="20200723 19:32:45.937"></status>
</kw>
<suite id="s1-s1-s1" name="班级管理" source="D:\PYproject\test\ProjectTraining\spj01\tc\d-空白数据\班级管理">
<suite id="s1-s1-s1-s1" name="添加班级" source="D:\PYproject\test\ProjectTraining\spj01\tc\d-空白数据\班级管理\添加班级.robot">
<test id="s1-s1-s1-s1-t1" name="添加班级1 - tc000001">
<kw name="Add School Class" library="pylib.SchoolClassLib">
<arguments>
<arg>1</arg>
<arg>1班</arg>
<arg>60</arg>
</arguments>
<assign>
<var>${addret1}</var>
</assign>
<msg timestamp="20200723 19:32:46.037" level="INFO">{'id': 445141, 'invitecode': '4451415790769', 'retcode': 0}</msg>
<msg timestamp="20200723 19:32:46.037" level="INFO">${addret1} = {'invitecode': '4451415790769', 'retcode': 0, 'id': 445141}</msg>
<status status="PASS" starttime="20200723 19:32:45.944" endtime="20200723 19:32:46.037"></status>
</kw>
<kw name="Should Be True" library="BuiltIn">
<doc>Fails if the given condition is not true.</doc>
<arguments>
<arg>$addret1['retcode']==0</arg>
</arguments>
<status status="PASS" starttime="20200723 19:32:46.037" endtime="20200723 19:32:46.041"></status>
</kw>
<kw name="List School Class" library="pylib.SchoolClassLib">
<arguments>
<arg>1</arg>
</arguments>
<assign>
<var>${listret2}</var>
</assign>
<msg timestamp="20200723 19:32:46.139" level="INFO">{ 'gradeid': 1,
  'retcode': 0,
  'retlist': [ { 'grade__name': '七年级',
                 'id': 445141,
                 'invitecode': '4451415790769',
                 'name': '1班',
                 'studentlimit': 60,
                 'studentnumber': 0,
                 'teacherlist': []}]}</msg>
<msg timestamp="20200723 19:32:46.139" level="INFO">${listret2} = {'gradeid': 1, 'retlist': [{'name': '1班', 'grade__name': '七年级', 'invitecode': '4451415790769', 'studentlimit': 60, 'studentnumber': 0, 'id': 445141, 'teacherlist': []}], 'retcode': 0}</msg>
<status status="PASS" starttime="20200723 19:32:46.041" endtime="20200723 19:32:46.139"></status>
</kw>
<kw name="Evaluate" library="BuiltIn">
<doc>Evaluates the given expression in Python and returns the result.</doc>
<arguments>
<arg>$listret2['retlist'][0]</arg>
</arguments>
<assign>
<var>${fc}</var>
</assign>
<msg timestamp="20200723 19:32:46.140" level="INFO">${fc} = {'name': '1班', 'grade__name': '七年级', 'invitecode': '4451415790769', 'studentlimit': 60, 'studentnumber': 0, 'id': 445141, 'teacherlist': []}</msg>
<status status="PASS" starttime="20200723 19:32:46.140" endtime="20200723 19:32:46.140"></status>
</kw>
<kw name="Should Be True" library="BuiltIn">
<doc>Fails if the given condition is not true.</doc>
<arguments>
<arg>$fc['id']==$addret1['id']</arg>
</arguments>
<status status="PASS" starttime="20200723 19:32:46.140" endtime="20200723 19:32:46.141"></status>
</kw>
<kw name="Should Be True" library="BuiltIn">
<doc>Fails if the given condition is not true.</doc>
<arguments>
<arg>$fc['invitecode']==$addret1['invitecode']</arg>
</arguments>
<status status="PASS" starttime="20200723 19:32:46.141" endtime="20200723 19:32:46.141"></status>
</kw>
<status status="PASS" starttime="20200723 19:32:45.943" endtime="20200723 19:32:46.141" critical="yes"></status>
</test>
<test id="s1-s1-s1-s1-t2" name="添加班级2 - tc000002">
<kw name="Add School Class" library="pylib.SchoolClassLib">
<arguments>
<arg>1</arg>
<arg>2班</arg>
<arg>50</arg>
</arguments>
<assign>
<var>${addret1}</var>
</assign>
<msg timestamp="20200723 19:32:46.243" level="INFO">{'id': 445142, 'invitecode': '4451424148752', 'retcode': 0}</msg>
<msg timestamp="20200723 19:32:46.243" level="INFO">${addret1} = {'invitecode': '4451424148752', 'retcode': 0, 'id': 445142}</msg>
<status status="PASS" starttime="20200723 19:32:46.143" endtime="20200723 19:32:46.243"></status>
</kw>
<kw name="Should Be True" library="BuiltIn">
<doc>Fails if the given condition is not true.</doc>
<arguments>
<arg>$addret1['retcode']==0</arg>
</arguments>
<status status="PASS" starttime="20200723 19:32:46.244" endtime="20200723 19:32:46.244"></status>
</kw>
<kw name="List School Class" library="pylib.SchoolClassLib">
<arguments>
<arg>1</arg>
</arguments>
<assign>
<var>${listret2}</var>
</assign>
<msg timestamp="20200723 19:32:46.338" level="INFO">{ 'gradeid': 1,
  'retcode': 0,
  'retlist': [ { 'grade__name': '七年级',
                 'id': 445141,
                 'invitecode': '4451415790769',
                 'name': '1班',
                 'studentlimit': 60,
                 'studentnumber': 0,
                 'teacherlist': []},
               { 'grade__name': '七年级',
                 'id': 445142,
                 'invitecode': '4451424148752',
                 'name': '2班',
                 'studentlimit': 50,
                 'studentnumber': 0,
                 'teacherlist': []}]}</msg>
<msg timestamp="20200723 19:32:46.338" level="INFO">${listret2} = {'gradeid': 1, 'retlist': [{'name': '1班', 'grade__name': '七年级', 'invitecode': '4451415790769', 'studentlimit': 60, 'studentnumber': 0, 'id': 445141, 'teacherlist': []}, {'name': '2班', 'grade__name': '...</msg>
<status status="PASS" starttime="20200723 19:32:46.244" endtime="20200723 19:32:46.339"></status>
</kw>
<kw name="Evaluate" library="BuiltIn">
<doc>Evaluates the given expression in Python and returns the result.</doc>
<arguments>
<arg>$listret2['retlist'][1]</arg>
</arguments>
<assign>
<var>${fc}</var>
</assign>
<msg timestamp="20200723 19:32:46.339" level="INFO">${fc} = {'name': '2班', 'grade__name': '七年级', 'invitecode': '4451424148752', 'studentlimit': 50, 'studentnumber': 0, 'id': 445142, 'teacherlist': []}</msg>
<status status="PASS" starttime="20200723 19:32:46.339" endtime="20200723 19:32:46.339"></status>
</kw>
<kw name="Should Be True" library="BuiltIn">
<doc>Fails if the given condition is not true.</doc>
<arguments>
<arg>$fc['id']==$addret1['id']</arg>
</arguments>
<status status="PASS" starttime="20200723 19:32:46.339" endtime="20200723 19:32:46.340"></status>
</kw>
<kw name="Should Be True" library="BuiltIn">
<doc>Fails if the given condition is not true.</doc>
<arguments>
<arg>$fc['invitecode']==$addret1['invitecode']</arg>
</arguments>
<status status="PASS" starttime="20200723 19:32:46.340" endtime="20200723 19:32:46.340"></status>
</kw>
<status status="PASS" starttime="20200723 19:32:46.143" endtime="20200723 19:32:46.340" critical="yes"></status>
</test>
<test id="s1-s1-s1-s1-t3" name="添加班级3 - tc000003">
<kw name="Add School Class" library="pylib.SchoolClassLib">
<arguments>
<arg>1</arg>
<arg>1班</arg>
<arg>60</arg>
</arguments>
<assign>
<var>${addret1}</var>
</assign>
<msg timestamp="20200723 19:32:46.441" level="INFO">{ 'reason': 'Traceback (most recent call last):\n'
            '  File '
            '"/home/yjyx/yijiao_src/yijiao_main/services/datamodel/schoolclass/models.py", '
            'line 542, in addClass\n'
            '    school_class = '
            'self._addClass(name,schoolid,gradeid,studentlimit)\n'
            '  File '
            '"/home/yjyx/yijiao_src/yijiao_main/services/datamodel/schoolclass/models.py", '
            'line 531, in _addClass\n'
            '    school_class.save()\n'
            '  File '
            '"/usr/local/lib/python2.7/site-packages/django/db/models/base.py", '
            'line 710, in save\n'
            '    force_update=force_update, update_fields=update_fields)\n'
            '  File '
            '"/usr/local/lib/python2.7/site-packages/django/db/models/base.py", '
            'line 738, in save_base\n'
            '    updated = self._save_table(raw, cls, force_insert, '
            'force_update, using, update_fields)\n'
            '  File '
            '"/usr/local/lib/python2.7/site-packages/django/db/models/base.py", '
            'line 822, in _save_table\n'
            '    result = self._do_insert(cls._base_manager, using, fields, '
            'update_pk, raw)\n'
            '  File '
            '"/usr/local/lib/python2.7/site-packages/django/db/models/base.py", '
            'line 861, in _do_insert\n'
            '    using=using, raw=raw)\n'
            '  File '
            '"/usr/local/lib/python2.7/site-packages/django/db/models/manager.py", '
            'line 127, in manager_method\n'
            '    return getattr(self.get_queryset(), name)(*args, **kwargs)\n'
            '  File '
            '"/usr/local/lib/python2.7/site-packages/django/db/models/query.py", '
            'line 920, in _insert\n'
            '    return '
            'query.get_compiler(using=using).execute_sql(return_id)\n'
            '  File '
            '"/usr/local/lib/python2.7/site-packages/django/db/models/sql/compiler.py", '
            'line 974, in execute_sql\n'
            '    cursor.execute(sql, params)\n'
            '  File '
            '"/usr/local/lib/python2.7/site-packages/django/db/backends/utils.py", '
            'line 64, in execute\n'
            '    return self.cursor.execute(sql, params)\n'
            '  File '
            '"/usr/local/lib/python2.7/site-packages/django/db/utils.py", line '
            '97, in __exit__\n'
            '    six.reraise(dj_exc_type, dj_exc_value, traceback)\n'
            '  File '
            '"/usr/local/lib/python2.7/site-packages/django/db/backends/utils.py", '
            'line 64, in execute\n'
            '    return self.cursor.execute(sql, params)\n'
            '  File '
            '"/usr/local/lib/python2.7/site-packages/django/db/backends/mysql/base.py", '
            'line 124, in execute\n'
            '    return self.cursor.execute(query, args)\n'
            '  File '
            '"/usr/local/lib/python2.7/site-packages/MySQLdb/cursors.py", line '
            '205, in execute\n'
            '    self.errorhandler(self, exc, value)\n'
            '  File '
            '"/usr/local/lib/python2.7/site-packages/MySQLdb/connections.py", '
            'line 36, in defaulterrorhandler\n'
            '    raise errorclass, errorvalue\n'
            'IntegrityError: (1062, "Duplicate entry '
            '\'1\\xe7\\x8f\\xad-1070-1\' for key \'name\'")\n',
  'retcode': 1}</msg>
<msg timestamp="20200723 19:32:46.441" level="INFO">${addret1} = {'reason': 'Traceback (most recent call last):\n  File "/home/yjyx/yijiao_src/yijiao_main/services/datamodel/schoolclass/models.py", line 542, in addClass\n    school_class = self._addClass(name,schoo...</msg>
<status status="PASS" starttime="20200723 19:32:46.342" endtime="20200723 19:32:46.441"></status>
</kw>
<kw name="Should Be True" library="BuiltIn">
<doc>Fails if the given condition is not true.</doc>
<arguments>
<arg>$addret1['retcode']==1</arg>
</arguments>
<status status="PASS" starttime="20200723 19:32:46.441" endtime="20200723 19:32:46.441"></status>
</kw>
<kw name="List School Class" library="pylib.SchoolClassLib">
<arguments>
<arg>1</arg>
</arguments>
<assign>
<var>${listret2}</var>
</assign>
<msg timestamp="20200723 19:32:46.536" level="INFO">{ 'gradeid': 1,
  'retcode': 0,
  'retlist': [ { 'grade__name': '七年级',
                 'id': 445141,
                 'invitecode': '4451415790769',
                 'name': '1班',
                 'studentlimit': 60,
                 'studentnumber': 0,
                 'teacherlist': []},
               { 'grade__name': '七年级',
                 'id': 445142,
                 'invitecode': '4451424148752',
                 'name': '2班',
                 'studentlimit': 50,
                 'studentnumber': 0,
                 'teacherlist': []}]}</msg>
<msg timestamp="20200723 19:32:46.536" level="INFO">${listret2} = {'gradeid': 1, 'retlist': [{'name': '1班', 'grade__name': '七年级', 'invitecode': '4451415790769', 'studentlimit': 60, 'studentnumber': 0, 'id': 445141, 'teacherlist': []}, {'name': '2班', 'grade__name': '...</msg>
<status status="PASS" starttime="20200723 19:32:46.442" endtime="20200723 19:32:46.536"></status>
</kw>
<status status="PASS" starttime="20200723 19:32:46.342" endtime="20200723 19:32:46.537" critical="yes"></status>
</test>
<status status="PASS" starttime="20200723 19:32:45.940" endtime="20200723 19:32:46.539"></status>
</suite>
<status status="PASS" starttime="20200723 19:32:45.937" endtime="20200723 19:32:46.541"></status>
</suite>
<status status="PASS" starttime="20200723 19:32:45.455" endtime="20200723 19:32:46.544"></status>
</suite>
<status status="PASS" starttime="20200723 19:32:45.438" endtime="20200723 19:32:46.545"></status>
</suite>
<statistics>
<total>
<stat pass="3" fail="0">Critical Tests</stat>
<stat pass="3" fail="0">All Tests</stat>
</total>
<tag>
</tag>
<suite>
<stat pass="3" fail="0" id="s1" name="Tc">Tc</stat>
<stat pass="3" fail="0" id="s1-s1" name="D-空白数据">Tc.D-空白数据</stat>
<stat pass="3" fail="0" id="s1-s1-s1" name="班级管理">Tc.D-空白数据.班级管理</stat>
<stat pass="3" fail="0" id="s1-s1-s1-s1" name="添加班级">Tc.D-空白数据.班级管理.添加班级</stat>
</suite>
</statistics>
<errors>
</errors>
</robot>
